<?xml version="1.0" encoding="UTF-8"?>
<testng-results ignored="0" total="1" passed="1" failed="0" skipped="0">
  <reporter-output>
  </reporter-output>
  <suite started-at="2024-07-28T20:31:53 IST" name="Default suite" finished-at="2024-07-28T20:32:02 IST" duration-ms="9011">
    <groups>
    </groups>
    <test started-at="2024-07-28T20:31:53 IST" name="Default test" finished-at="2024-07-28T20:32:02 IST" duration-ms="9011">
      <class name="Basic.youtube">
        <test-method signature="test()[pri:0, instance:Basic.youtube@5bf0d49]" started-at="2024-07-28T20:31:53 IST" name="test" finished-at="2024-07-28T20:32:02 IST" duration-ms="8939" status="PASS">
          <reporter-output>
          </reporter-output>
        </test-method> <!-- test -->
      </class> <!-- Basic.youtube -->
    </test> <!-- Default test -->
  </suite> <!-- Default suite -->
</testng-results>
